[0.078s] Invoking command in '/home/albertlor/Workspaces/ros2_ws/build/my_cpp_pkg': CMAKE_PREFIX_PATH=/opt/ros/humble /usr/bin/cmake --build /home/albertlor/Workspaces/ros2_ws/build/my_cpp_pkg -- -j8 -l8
[0.117s] [35m[1mConsolidate compiler generated dependencies of target cpp_node[0m
[0.136s] [ 50%] [32mBuilding CXX object CMakeFiles/cpp_node.dir/src/my_first_node.cpp.o[0m
[2.634s] In file included from [01m[K/opt/ros/humble/include/rclcpp/rclcpp/logging.hpp:24[m[K,
[2.634s]                  from [01m[K/opt/ros/humble/include/rclcpp/rclcpp/client.hpp:40[m[K,
[2.634s]                  from [01m[K/opt/ros/humble/include/rclcpp/rclcpp/callback_group.hpp:24[m[K,
[2.634s]                  from [01m[K/opt/ros/humble/include/rclcpp/rclcpp/any_executable.hpp:20[m[K,
[2.634s]                  from [01m[K/opt/ros/humble/include/rclcpp/rclcpp/memory_strategy.hpp:25[m[K,
[2.634s]                  from [01m[K/opt/ros/humble/include/rclcpp/rclcpp/memory_strategies.hpp:18[m[K,
[2.634s]                  from [01m[K/opt/ros/humble/include/rclcpp/rclcpp/executor_options.hpp:20[m[K,
[2.635s]                  from [01m[K/opt/ros/humble/include/rclcpp/rclcpp/executor.hpp:37[m[K,
[2.635s]                  from [01m[K/opt/ros/humble/include/rclcpp/rclcpp/executors/multi_threaded_executor.hpp:25[m[K,
[2.635s]                  from [01m[K/opt/ros/humble/include/rclcpp/rclcpp/executors.hpp:21[m[K,
[2.635s]                  from [01m[K/opt/ros/humble/include/rclcpp/rclcpp/rclcpp.hpp:155[m[K,
[2.635s]                  from [01m[K/home/albertlor/Workspaces/ros2_ws/src/my_cpp_pkg/src/my_first_node.cpp:1[m[K:
[2.635s] [01m[K/home/albertlor/Workspaces/ros2_ws/src/my_cpp_pkg/src/my_first_node.cpp:[m[K In member function â€˜[01m[Kvoid MyNode::timerCallback()[m[Kâ€™:
[2.635s] [01m[K/home/albertlor/Workspaces/ros2_ws/src/my_cpp_pkg/src/my_first_node.cpp:17:50:[m[K [01;31m[Kerror: [m[Kinvalid operands of types â€˜[01m[Kconst char [7][m[Kâ€™ and â€˜[01m[Kint[m[Kâ€™ to binary â€˜[01m[Koperator<<[m[Kâ€™
[2.635s]    17 |         RCLCPP_INFO(this->get_logger(), [32m[K"Hello "[m[K [01;31m[K<<[m[K [34m[Kcounter_[m[K);
[2.635s]       |                                         [32m[K~~~~~~~~[m[K [01;31m[K^~[m[K [34m[K~~~~~~~~[m[K
[2.635s]       |                                         [32m[K|[m[K           [34m[K|[m[K
[2.635s]       |                                         [32m[K|[m[K           [34m[Kint[m[K
[2.635s]       |                                         [32m[Kconst char [7][m[K
[3.115s] gmake[2]: *** [CMakeFiles/cpp_node.dir/build.make:76: CMakeFiles/cpp_node.dir/src/my_first_node.cpp.o] Error 1
[3.115s] gmake[1]: *** [CMakeFiles/Makefile2:137: CMakeFiles/cpp_node.dir/all] Error 2
[3.115s] gmake: *** [Makefile:146: all] Error 2
[3.117s] Invoked command in '/home/albertlor/Workspaces/ros2_ws/build/my_cpp_pkg' returned '2': CMAKE_PREFIX_PATH=/opt/ros/humble /usr/bin/cmake --build /home/albertlor/Workspaces/ros2_ws/build/my_cpp_pkg -- -j8 -l8
